<?xml version="1.0" encoding="UTF-8"?>
<!-- Generated by org.testng.reporters.JUnitReportReporter -->
<testsuite skipped="2" hostname="DESKTOP-9384RE4" name="com.training.sanity.tests.LoginTests" tests="3" failures="0" timestamp="08 May 2020 04:58:30 GMT" time="26.842" errors="0">
  <testcase name="AddToCartTest" time="26.842" classname="com.training.sanity.tests.LoginTests"/>
  <testcase name="RemoveItemFromCartTest" classname="com.training.sanity.tests.LoginTests">
    <skipped/>
  </testcase> <!-- RemoveItemFromCartTest -->
  <testcase name="ChangePasswordMSGTest" classname="com.training.sanity.tests.LoginTests">
    <skipped/>
  </testcase> <!-- ChangePasswordMSGTest -->
</testsuite> <!-- com.training.sanity.tests.LoginTests -->
