<?xml version="1.0" encoding="UTF-8"?>
<!-- Generated by org.testng.reporters.JUnitReportReporter -->
<testsuite skipped="0" hostname="DESKTOP-9384RE4" name="com.training.sanity.tests.AdminScreens" tests="3" failures="0" timestamp="15 May 2020 17:47:40 GMT" time="69.146" errors="0">
  <testcase name="AdminProductTest" time="25.431" classname="com.training.sanity.tests.AdminScreens"/>
  <testcase name="AddProductTest" time="23.266" classname="com.training.sanity.tests.AdminScreens"/>
  <testcase name="EditProductTest" time="20.449" classname="com.training.sanity.tests.AdminScreens"/>
</testsuite> <!-- com.training.sanity.tests.AdminScreens -->
