<?xml version="1.0" encoding="UTF-8"?>
<!-- Generated by org.testng.reporters.JUnitReportReporter -->
<testsuite skipped="0" hostname="DESKTOP-9384RE4" name="com.training.sanity.tests.LoginTests" tests="3" failures="0" timestamp="08 May 2020 02:01:45 GMT" time="88.090" errors="0">
  <testcase name="RemoveItemFromCartTest" time="34.116" classname="com.training.sanity.tests.LoginTests"/>
  <testcase name="ChangePasswordMSGTest" time="22.955" classname="com.training.sanity.tests.LoginTests"/>
  <testcase name="AddToCartTest" time="31.019" classname="com.training.sanity.tests.LoginTests"/>
</testsuite> <!-- com.training.sanity.tests.LoginTests -->
