<?xml version="1.0" encoding="UTF-8"?>
<!-- Generated by org.testng.reporters.JUnitReportReporter -->
<testsuite skipped="0" hostname="DESKTOP-9384RE4" name="com.training.sanity.tests.LoginTests" tests="3" failures="0" timestamp="15 May 2020 17:54:01 GMT" time="86.760" errors="0">
  <testcase name="RemoveItemFromCartTest" time="31.491" classname="com.training.sanity.tests.LoginTests"/>
  <testcase name="ChangePasswordMSGTest" time="24.586" classname="com.training.sanity.tests.LoginTests"/>
  <testcase name="AddToCartTest" time="30.683" classname="com.training.sanity.tests.LoginTests"/>
</testsuite> <!-- com.training.sanity.tests.LoginTests -->
